# JRE version: 7.0_25-b15
# Java VM: Java HotSpot(TM) Client VM (23.25-b01 mixed mode linux-x86 )
Heap
 def new generation   total 21824K, used 21494K [0x88750000, 0x89ef0000, 0x931f0000)
  eden space 19456K,  98% used [0x88750000, 0x899fd9b0, 0x89a50000)
  from space 2368K,  99% used [0x89ca0000, 0x89eefff8, 0x89ef0000)
  to   space 2368K,   0% used [0x89a50000, 0x89a50000, 0x89ca0000)
 tenured generation   total 48364K, used 34594K [0x931f0000, 0x9612b000, 0xa8750000)
   the space 48364K,  71% used [0x931f0000, 0x953b8a80, 0x953b8c00, 0x9612b000)
 compacting perm gen  total 14592K, used 14353K [0xa8750000, 0xa9590000, 0xb4750000)
   the space 14592K,  98% used [0xa8750000, 0xa95546a0, 0xa9554800, 0xa9590000)
GC Heap History (10 events):
Event: 3,230 GC heap before
{Heap before GC invocations=28 (full 3):
 def new generation   total 21824K, used 19456K [0x88750000, 0x89ef0000, 0x931f0000)
  eden space 19456K, 100% used [0x88750000, 0x89a50000, 0x89a50000)
  from space 2368K,   0% used [0x89a50000, 0x89a50000, 0x89ca0000)
  to   space 2368K,   0% used [0x89ca0000, 0x89ca0000, 0x89ef0000)
 tenured generation   total 48364K, used 29016K [0x931f0000, 0x9612b000, 0xa8750000)
   the space 48364K,  59% used [0x931f0000, 0x94e460a0, 0x94e46200, 0x9612b000)
 compacting perm gen  total 12288K, used 11143K [0xa8750000, 0xa9350000, 0xb4750000)
   the space 12288K,  90% used [0xa8750000, 0xa9231fe8, 0xa9232000, 0xa9350000)
No shared spaces configured.
Event: 3,240 GC heap after
Heap after GC invocations=29 (full 3):
 def new generation   total 21824K, used 2368K [0x88750000, 0x89ef0000, 0x931f0000)
  eden space 19456K,   0% used [0x88750000, 0x88750000, 0x89a50000)
  from space 2368K, 100% used [0x89ca0000, 0x89ef0000, 0x89ef0000)
  to   space 2368K,   0% used [0x89a50000, 0x89a50000, 0x89ca0000)
 tenured generation   total 48364K, used 29343K [0x931f0000, 0x9612b000, 0xa8750000)
   the space 48364K,  60% used [0x931f0000, 0x94e97fe0, 0x94e98000, 0x9612b000)
 compacting perm gen  total 12288K, used 11143K [0xa8750000, 0xa9350000, 0xb4750000)
   the space 12288K,  90% used [0xa8750000, 0xa9231fe8, 0xa9232000, 0xa9350000)
No shared spaces configured.
}
Event: 3,400 GC heap before
{Heap before GC invocations=29 (full 3):
 def new generation   total 21824K, used 21824K [0x88750000, 0x89ef0000, 0x931f0000)
  eden space 19456K, 100% used [0x88750000, 0x89a50000, 0x89a50000)
  from space 2368K, 100% used [0x89ca0000, 0x89ef0000, 0x89ef0000)
  to   space 2368K,   0% used [0x89a50000, 0x89a50000, 0x89ca0000)
 tenured generation   total 48364K, used 29343K [0x931f0000, 0x9612b000, 0xa8750000)
   the space 48364K,  60% used [0x931f0000, 0x94e97fe0, 0x94e98000, 0x9612b000)
 compacting perm gen  total 12800K, used 12686K [0xa8750000, 0xa93d0000, 0xb4750000)
   the space 12800K,  99% used [0xa8750000, 0xa93b3940, 0xa93b3a00, 0xa93d0000)
No shared spaces configured.
Event: 3,410 GC heap after
Heap after GC invocations=30 (full 3):
 def new generation   total 21824K, used 2368K [0x88750000, 0x89ef0000, 0x931f0000)
  eden space 19456K,   0% used [0x88750000, 0x88750000, 0x89a50000)
  from space 2368K, 100% used [0x89a50000, 0x89ca0000, 0x89ca0000)
  to   space 2368K,   0% used [0x89ca0000, 0x89ca0000, 0x89ef0000)
 tenured generation   total 48364K, used 30329K [0x931f0000, 0x9612b000, 0xa8750000)
   the space 48364K,  62% used [0x931f0000, 0x94f8e508, 0x94f8e600, 0x9612b000)
 compacting perm gen  total 12800K, used 12686K [0xa8750000, 0xa93d0000, 0xb4750000)
   the space 12800K,  99% used [0xa8750000, 0xa93b3940, 0xa93b3a00, 0xa93d0000)
No shared spaces configured.
}
Event: 3,619 GC heap before
{Heap before GC invocations=30 (full 3):
 def new generation   total 21824K, used 21824K [0x88750000, 0x89ef0000, 0x931f0000)
  eden space 19456K, 100% used [0x88750000, 0x89a50000, 0x89a50000)
  from space 2368K, 100% used [0x89a50000, 0x89ca0000, 0x89ca0000)
  to   space 2368K,   0% used [0x89ca0000, 0x89ca0000, 0x89ef0000)
 tenured generation   total 48364K, used 30329K [0x931f0000, 0x9612b000, 0xa8750000)
   the space 48364K,  62% used [0x931f0000, 0x94f8e508, 0x94f8e600, 0x9612b000)
 compacting perm gen  total 14080K, used 14014K [0xa8750000, 0xa9510000, 0xb4750000)
   the space 14080K,  99% used [0xa8750000, 0xa94ffad0, 0xa94ffc00, 0xa9510000)
No shared spaces configured.
Event: 3,634 GC heap after
Heap after GC invocations=31 (full 3):
 def new generation   total 21824K, used 2179K [0x88750000, 0x89ef0000, 0x931f0000)
  eden space 19456K,   0% used [0x88750000, 0x88750000, 0x89a50000)
  from space 2368K,  92% used [0x89ca0000, 0x89ec0cc8, 0x89ef0000)
  to   space 2368K,   0% used [0x89a50000, 0x89a50000, 0x89ca0000)
 tenured generation   total 48364K, used 31318K [0x931f0000, 0x9612b000, 0xa8750000)
   the space 48364K,  64% used [0x931f0000, 0x95085978, 0x95085a00, 0x9612b000)
 compacting perm gen  total 14080K, used 14014K [0xa8750000, 0xa9510000, 0xb4750000)
   the space 14080K,  99% used [0xa8750000, 0xa94ffad0, 0xa94ffc00, 0xa9510000)
No shared spaces configured.
}
Event: 3,741 GC heap before
{Heap before GC invocations=31 (full 3):
 def new generation   total 21824K, used 21635K [0x88750000, 0x89ef0000, 0x931f0000)
  eden space 19456K, 100% used [0x88750000, 0x89a50000, 0x89a50000)
  from space 2368K,  92% used [0x89ca0000, 0x89ec0cc8, 0x89ef0000)
  to   space 2368K,   0% used [0x89a50000, 0x89a50000, 0x89ca0000)
 tenured generation   total 48364K, used 31318K [0x931f0000, 0x9612b000, 0xa8750000)
   the space 48364K,  64% used [0x931f0000, 0x95085978, 0x95085a00, 0x9612b000)
 compacting perm gen  total 14336K, used 14163K [0xa8750000, 0xa9550000, 0xb4750000)
   the space 14336K,  98% used [0xa8750000, 0xa9524fe0, 0xa9525000, 0xa9550000)
No shared spaces configured.
Event: 3,753 GC heap after
Heap after GC invocations=32 (full 3):
 def new generation   total 21824K, used 2368K [0x88750000, 0x89ef0000, 0x931f0000)
  eden space 19456K,   0% used [0x88750000, 0x88750000, 0x89a50000)
  from space 2368K, 100% used [0x89a50000, 0x89ca0000, 0x89ca0000)
  to   space 2368K,   0% used [0x89ca0000, 0x89ca0000, 0x89ef0000)
 tenured generation   total 48364K, used 32963K [0x931f0000, 0x9612b000, 0xa8750000)
   the space 48364K,  68% used [0x931f0000, 0x95220d18, 0x95220e00, 0x9612b000)
 compacting perm gen  total 14336K, used 14163K [0xa8750000, 0xa9550000, 0xb4750000)
   the space 14336K,  98% used [0xa8750000, 0xa9524fe0, 0xa9525000, 0xa9550000)
No shared spaces configured.
}
Event: 3,822 GC heap before
{Heap before GC invocations=32 (full 3):
 def new generation   total 21824K, used 21818K [0x88750000, 0x89ef0000, 0x931f0000)
  eden space 19456K,  99% used [0x88750000, 0x89a4e880, 0x89a50000)
  from space 2368K, 100% used [0x89a50000, 0x89ca0000, 0x89ca0000)
  to   space 2368K,   0% used [0x89ca0000, 0x89ca0000, 0x89ef0000)
 tenured generation   total 48364K, used 32963K [0x931f0000, 0x9612b000, 0xa8750000)
   the space 48364K,  68% used [0x931f0000, 0x95220d18, 0x95220e00, 0x9612b000)
 compacting perm gen  total 14336K, used 14170K [0xa8750000, 0xa9550000, 0xb4750000)
   the space 14336K,  98% used [0xa8750000, 0xa9526828, 0xa9526a00, 0xa9550000)
No shared spaces configured.
Event: 3,830 GC heap after
Heap after GC invocations=33 (full 3):
 def new generation   total 21824K, used 2367K [0x88750000, 0x89ef0000, 0x931f0000)
  eden space 19456K,   0% used [0x88750000, 0x88750000, 0x89a50000)
  from space 2368K,  99% used [0x89ca0000, 0x89eefff8, 0x89ef0000)
  to   space 2368K,   0% used [0x89a50000, 0x89a50000, 0x89ca0000)
 tenured generation   total 48364K, used 34594K [0x931f0000, 0x9612b000, 0xa8750000)
   the space 48364K,  71% used [0x931f0000, 0x953b8a80, 0x953b8c00, 0x9612b000)
 compacting perm gen  total 14336K, used 14170K [0xa8750000, 0xa9550000, 0xb4750000)
   the space 14336K,  98% used [0xa8750000, 0xa9526828, 0xa9526a00, 0xa9550000)
No shared spaces configured.
}

